=== Setting Up Tester Files ===
=== Starting DMTCP Daemon ===
dmtcp_coordinator starting...
    Host: shas0450.rc.int.colorado.edu (10.225.6.165)
    Port: 7779
    Checkpoint Interval: disabled (checkpoint manually instead)
    Exit on last client: 0
Backgrounding...
=== Running Python Script ===
    Sleeping for 35 Seconds...
=== Checkpoint and Kill ===
    Creating Checkpoint...
    Process Killed. Sleeping for 15 Seconds...
=== Restart ===
    Restarting...
which: no dmtcp_discover_rm in (/curc/sw/python/2.7.11/bin:/curc/sw/gcc/6.1.0/bin:/usr/lpp/mmfs/bin:/usr/local/bin:/usr/bin:/usr/local/sbin:/usr/sbin:/opt/dell/srvadmin/bin:/home/datr2651/.local/bin)
Infiniband hardware address can be incorrect! Please read BUGS section in ifconfig(8).
=== Validating ===
    Checking Diff...
Files key.out and integrity.out are identical
=== Clean Up ===
